# JRE version: OpenJDK Runtime Environment (25.0.2+10) (build 25.0.2+10-69)
# Java VM: OpenJDK 64-Bit Server VM (25.0.2+10-69, mixed mode, sharing, tiered, compressed oops, compressed class ptrs, g1 gc, windows-amd64)
GC Precious Log:
 CardTable entry size: 512
 Card Set container configuration: InlinePtr #cards 5 size 8 Array Of Cards #cards 10 size 36 Howl #buckets 4 coarsen threshold 1843 Howl Bitmap #cards 512 size 80 coarsen threshold 460 Card regions per heap region 1 cards per card region 2048
 CPUs: 12 total, 12 available
 Memory: 7895M
 Large Page Support: Disabled
 NUMA Support: Disabled
 Compressed Oops: Enabled (32-bit)
 Heap Region Size: 1M
 Heap Min Capacity: 8M
 Heap Initial Capacity: 124M
 Heap Max Capacity: 1974M
 Pre-touch: Disabled
 Parallel Workers: 10
 Concurrent Workers: 3
 Concurrent Refinement Workers: 10
 Periodic GC: Disabled
Heap:
 garbage-first heap   total reserved 2021376K, committed 89088K, used 45795K [0x0000000084a00000, 0x0000000100000000)
  region size 1024K, 6 young (6144K), 2 survivors (2048K)
GC Heap Usage History (20 events):
Event: 3423.192 {heap Before GC invocations=56 (full 0):
 garbage-first heap   total reserved 2021376K, committed 89088K, used 83097K [0x0000000084a00000, 0x0000000100000000)
  region size 1024K, 40 young (40960K), 1 survivors (1024K)
}
Event: 3423.195 {heap After GC invocations=57 (full 0):
 garbage-first heap   total reserved 2021376K, committed 89088K, used 43047K [0x0000000084a00000, 0x0000000100000000)
  region size 1024K, 1 young (1024K), 1 survivors (1024K)
}
Event: 3574.334 {heap Before GC invocations=57 (full 0):
 garbage-first heap   total reserved 2021376K, committed 89088K, used 82983K [0x0000000084a00000, 0x0000000100000000)
  region size 1024K, 40 young (40960K), 1 survivors (1024K)
}
Event: 3574.339 {heap After GC invocations=58 (full 0):
 garbage-first heap   total reserved 2021376K, committed 89088K, used 42847K [0x0000000084a00000, 0x0000000100000000)
  region size 1024K, 1 young (1024K), 1 survivors (1024K)
}
Event: 3727.993 {heap Before GC invocations=58 (full 0):
 garbage-first heap   total reserved 2021376K, committed 89088K, used 82783K [0x0000000084a00000, 0x0000000100000000)
  region size 1024K, 40 young (40960K), 1 survivors (1024K)
}
Event: 3727.996 {heap After GC invocations=59 (full 0):
 garbage-first heap   total reserved 2021376K, committed 89088K, used 42857K [0x0000000084a00000, 0x0000000100000000)
  region size 1024K, 1 young (1024K), 1 survivors (1024K)
}
Event: 3881.373 {heap Before GC invocations=60 (full 0):
 garbage-first heap   total reserved 2021376K, committed 89088K, used 82793K [0x0000000084a00000, 0x0000000100000000)
  region size 1024K, 40 young (40960K), 1 survivors (1024K)
}
Event: 3881.377 {heap After GC invocations=61 (full 0):
 garbage-first heap   total reserved 2021376K, committed 89088K, used 42905K [0x0000000084a00000, 0x0000000100000000)
  region size 1024K, 1 young (1024K), 1 survivors (1024K)
}
Event: 4035.398 {heap Before GC invocations=61 (full 0):
 garbage-first heap   total reserved 2021376K, committed 89088K, used 82841K [0x0000000084a00000, 0x0000000100000000)
  region size 1024K, 40 young (40960K), 1 survivors (1024K)
}
Event: 4035.402 {heap After GC invocations=62 (full 0):
 garbage-first heap   total reserved 2021376K, committed 89088K, used 42443K [0x0000000084a00000, 0x0000000100000000)
  region size 1024K, 1 young (1024K), 1 survivors (1024K)
}
Event: 4192.249 {heap Before GC invocations=62 (full 0):
 garbage-first heap   total reserved 2021376K, committed 89088K, used 83403K [0x0000000084a00000, 0x0000000100000000)
  region size 1024K, 41 young (41984K), 1 survivors (1024K)
}
Event: 4192.252 {heap After GC invocations=63 (full 0):
 garbage-first heap   total reserved 2021376K, committed 89088K, used 42342K [0x0000000084a00000, 0x0000000100000000)
  region size 1024K, 1 young (1024K), 1 survivors (1024K)
}
Event: 4348.313 {heap Before GC invocations=64 (full 0):
 garbage-first heap   total reserved 2021376K, committed 89088K, used 83302K [0x0000000084a00000, 0x0000000100000000)
  region size 1024K, 41 young (41984K), 1 survivors (1024K)
}
Event: 4348.316 {heap After GC invocations=65 (full 0):
 garbage-first heap   total reserved 2021376K, committed 89088K, used 42393K [0x0000000084a00000, 0x0000000100000000)
  region size 1024K, 1 young (1024K), 1 survivors (1024K)
}
Event: 4851.358 {heap Before GC invocations=65 (full 0):
 garbage-first heap   total reserved 2021376K, committed 89088K, used 83353K [0x0000000084a00000, 0x0000000100000000)
  region size 1024K, 41 young (41984K), 1 survivors (1024K)
}
Event: 4851.368 {heap After GC invocations=66 (full 0):
 garbage-first heap   total reserved 2021376K, committed 89088K, used 42183K [0x0000000084a00000, 0x0000000100000000)
  region size 1024K, 2 young (2048K), 2 survivors (2048K)
}
Event: 5016.567 {heap Before GC invocations=66 (full 0):
 garbage-first heap   total reserved 2021376K, committed 89088K, used 82119K [0x0000000084a00000, 0x0000000100000000)
  region size 1024K, 41 young (41984K), 2 survivors (2048K)
}
Event: 5016.577 {heap After GC invocations=67 (full 0):
 garbage-first heap   total reserved 2021376K, committed 89088K, used 41797K [0x0000000084a00000, 0x0000000100000000)
  region size 1024K, 1 young (1024K), 1 survivors (1024K)
}
Event: 5112.362 {heap Before GC invocations=68 (full 0):
 garbage-first heap   total reserved 2021376K, committed 89088K, used 81733K [0x0000000084a00000, 0x0000000100000000)
  region size 1024K, 41 young (41984K), 1 survivors (1024K)
}
Event: 5112.368 {heap After GC invocations=69 (full 0):
 garbage-first heap   total reserved 2021376K, committed 89088K, used 42723K [0x0000000084a00000, 0x0000000100000000)
  region size 1024K, 2 young (2048K), 2 survivors (2048K)
}

