# JRE version: OpenJDK Runtime Environment (25.0.2+10) (build 25.0.2+10-69)
# Java VM: OpenJDK 64-Bit Server VM (25.0.2+10-69, mixed mode, sharing, tiered, compressed oops, compressed class ptrs, g1 gc, windows-amd64)
GC Precious Log:
 CardTable entry size: 512
 Card Set container configuration: InlinePtr #cards 5 size 8 Array Of Cards #cards 10 size 36 Howl #buckets 4 coarsen threshold 1843 Howl Bitmap #cards 512 size 80 coarsen threshold 460 Card regions per heap region 1 cards per card region 2048
 CPUs: 12 total, 12 available
 Memory: 7895M
 Large Page Support: Disabled
 NUMA Support: Disabled
 Compressed Oops: Enabled (32-bit)
 Heap Region Size: 1M
 Heap Min Capacity: 8M
 Heap Initial Capacity: 124M
 Heap Max Capacity: 1974M
 Pre-touch: Disabled
 Parallel Workers: 10
 Concurrent Workers: 3
 Concurrent Refinement Workers: 10
 Periodic GC: Disabled
Heap:
 garbage-first heap   total reserved 2021376K, committed 84992K, used 53090K [0x0000000084a00000, 0x0000000100000000)
  region size 1024K, 13 young (13312K), 3 survivors (3072K)
GC Heap Usage History (20 events):
Event: 3.778 {heap Before GC invocations=10 (full 0):
 garbage-first heap   total reserved 2021376K, committed 65536K, used 54916K [0x0000000084a00000, 0x0000000100000000)
  region size 1024K, 29 young (29696K), 4 survivors (4096K)
}
Event: 3.781 {heap After GC invocations=11 (full 0):
 garbage-first heap   total reserved 2021376K, committed 65536K, used 32253K [0x0000000084a00000, 0x0000000100000000)
  region size 1024K, 2 young (2048K), 2 survivors (2048K)
}
Event: 3.866 {heap Before GC invocations=11 (full 0):
 garbage-first heap   total reserved 2021376K, committed 65536K, used 37373K [0x0000000084a00000, 0x0000000100000000)
  region size 1024K, 9 young (9216K), 2 survivors (2048K)
}
Event: 3.868 {heap After GC invocations=12 (full 0):
 garbage-first heap   total reserved 2021376K, committed 65536K, used 32650K [0x0000000084a00000, 0x0000000100000000)
  region size 1024K, 3 young (3072K), 3 survivors (3072K)
}
Event: 4.168 {heap Before GC invocations=13 (full 0):
 garbage-first heap   total reserved 2021376K, committed 65536K, used 57226K [0x0000000084a00000, 0x0000000100000000)
  region size 1024K, 27 young (27648K), 3 survivors (3072K)
}
Event: 4.170 {heap After GC invocations=14 (full 0):
 garbage-first heap   total reserved 2021376K, committed 65536K, used 33278K [0x0000000084a00000, 0x0000000100000000)
  region size 1024K, 3 young (3072K), 3 survivors (3072K)
}
Event: 4.465 {heap Before GC invocations=14 (full 0):
 garbage-first heap   total reserved 2021376K, committed 65536K, used 58878K [0x0000000084a00000, 0x0000000100000000)
  region size 1024K, 28 young (28672K), 3 survivors (3072K)
}
Event: 4.468 {heap After GC invocations=15 (full 0):
 garbage-first heap   total reserved 2021376K, committed 65536K, used 34513K [0x0000000084a00000, 0x0000000100000000)
  region size 1024K, 3 young (3072K), 3 survivors (3072K)
}
Event: 4.717 {heap Before GC invocations=15 (full 0):
 garbage-first heap   total reserved 2021376K, committed 65536K, used 58065K [0x0000000084a00000, 0x0000000100000000)
  region size 1024K, 27 young (27648K), 3 survivors (3072K)
}
Event: 4.721 {heap After GC invocations=16 (full 0):
 garbage-first heap   total reserved 2021376K, committed 65536K, used 36631K [0x0000000084a00000, 0x0000000100000000)
  region size 1024K, 4 young (4096K), 4 survivors (4096K)
}
Event: 4.839 {heap Before GC invocations=17 (full 0):
 garbage-first heap   total reserved 2021376K, committed 65536K, used 58135K [0x0000000084a00000, 0x0000000100000000)
  region size 1024K, 26 young (26624K), 4 survivors (4096K)
}
Event: 4.841 {heap After GC invocations=18 (full 0):
 garbage-first heap   total reserved 2021376K, committed 66560K, used 38274K [0x0000000084a00000, 0x0000000100000000)
  region size 1024K, 4 young (4096K), 4 survivors (4096K)
}
Event: 5.033 {heap Before GC invocations=18 (full 0):
 garbage-first heap   total reserved 2021376K, committed 66560K, used 58754K [0x0000000084a00000, 0x0000000100000000)
  region size 1024K, 25 young (25600K), 4 survivors (4096K)
}
Event: 5.036 {heap After GC invocations=19 (full 0):
 garbage-first heap   total reserved 2021376K, committed 66560K, used 39156K [0x0000000084a00000, 0x0000000100000000)
  region size 1024K, 3 young (3072K), 3 survivors (3072K)
}
Event: 5.281 {heap Before GC invocations=19 (full 0):
 garbage-first heap   total reserved 2021376K, committed 66560K, used 60660K [0x0000000084a00000, 0x0000000100000000)
  region size 1024K, 24 young (24576K), 3 survivors (3072K)
}
Event: 5.284 {heap After GC invocations=20 (full 0):
 garbage-first heap   total reserved 2021376K, committed 66560K, used 40976K [0x0000000084a00000, 0x0000000100000000)
  region size 1024K, 3 young (3072K), 3 survivors (3072K)
}
Event: 5.505 {heap Before GC invocations=21 (full 0):
 garbage-first heap   total reserved 2021376K, committed 70656K, used 60432K [0x0000000084a00000, 0x0000000100000000)
  region size 1024K, 22 young (22528K), 3 survivors (3072K)
}
Event: 5.507 {heap After GC invocations=22 (full 0):
 garbage-first heap   total reserved 2021376K, committed 70656K, used 42254K [0x0000000084a00000, 0x0000000100000000)
  region size 1024K, 2 young (2048K), 2 survivors (2048K)
}
Event: 11.539 {heap Before GC invocations=22 (full 0):
 garbage-first heap   total reserved 2021376K, committed 70656K, used 63758K [0x0000000084a00000, 0x0000000100000000)
  region size 1024K, 23 young (23552K), 2 survivors (2048K)
}
Event: 11.542 {heap After GC invocations=23 (full 0):
 garbage-first heap   total reserved 2021376K, committed 84992K, used 43874K [0x0000000084a00000, 0x0000000100000000)
  region size 1024K, 3 young (3072K), 3 survivors (3072K)
}

